<?xml version="1.0" encoding="UTF-8"?>
<!-- Generated by org.testng.reporters.JUnitReportReporter -->
<testsuite skipped="0" hostname="BBLPT0800" name="selenium_concepts.TestngAnnotations" tests="2" failures="0" timestamp="27 May 2018 05:25:15 GMT" time="0.004" errors="0">
  <testcase name="test1" time="0.004" classname="selenium_concepts.TestngAnnotations"/>
  <testcase name="test2" time="0.000" classname="selenium_concepts.TestngAnnotations"/>
</testsuite> <!-- selenium_concepts.TestngAnnotations -->
