<?xml version="1.0" encoding="UTF-8"?>
<!-- Generated by org.testng.reporters.JUnitReportReporter -->
<testsuite skipped="0" hostname="RG93-PC" name="TestNGPack.Launchclass" tests="1" failures="0" timestamp="20 Dec 2018 17:57:55 GMT" time="11.182" errors="0">
  <testcase name="launchurl" time="11.182" classname="TestNGPack.Launchclass"/>
</testsuite> <!-- TestNGPack.Launchclass -->
