<?xml version="1.0" encoding="UTF-8"?>
<!-- Generated by org.testng.reporters.JUnitReportReporter -->
<testsuite skipped="0" hostname="RG93-PC" name="Runners.TestRunner" tests="1" failures="0" timestamp="30 Dec 2018 01:41:14 GMT" time="31.947" errors="0">
  <testcase name="feature" time="31.947" classname="Runners.TestRunner"/>
</testsuite> <!-- Runners.TestRunner -->
